2025-02-26 15:14:35 - INFO - Logging initialized.
2025-02-26 15:14:35 - INFO - Task Manager application started.
2025-02-26 15:14:35 - INFO - TaskService initialized.
2025-02-26 15:15:21 - INFO - Saved task: Task Manager App: "A simple app to manage tasks"
2025-02-26 15:15:21 - INFO - Added task: Task Manager App: "A simple app to manage tasks"
2025-02-26 15:15:21 - INFO - User added task: Task Manager App - "A simple app to manage tasks"
2025-02-26 15:15:25 - ERROR - Error decoding JSON from tasks_data/tasks.txt: Expecting value: line 1 column 1 (char 0)
2025-02-26 15:15:25 - INFO - Retrieved 0 tasks.
2025-02-26 15:15:25 - INFO - No tasks found.
2025-02-26 15:15:49 - INFO - Saved task: Task Manager App: "A simple app to manage tasks"
2025-02-26 15:15:49 - INFO - Added task: Task Manager App: "A simple app to manage tasks"
2025-02-26 15:15:49 - INFO - User added task: Task Manager App - "A simple app to manage tasks"
2025-02-26 15:15:53 - ERROR - Error decoding JSON from tasks_data/tasks.txt: Expecting value: line 1 column 1 (char 0)
2025-02-26 15:15:53 - INFO - Retrieved 0 tasks.
2025-02-26 15:15:53 - INFO - No tasks found.
2025-02-26 15:20:57 - INFO - User exited the application.
2025-02-26 15:22:55 - INFO - Logging initialized.
2025-02-26 15:22:55 - INFO - Task Manager application started.
2025-02-26 15:22:55 - INFO - TaskService initialized.
2025-02-26 15:22:59 - ERROR - Error decoding JSON from tasks_data/tasks.txt: Expecting value: line 1 column 1 (char 0)
2025-02-26 15:22:59 - INFO - Retrieved 0 tasks.
2025-02-26 15:22:59 - INFO - No tasks found.
2025-02-26 15:58:23 - INFO - Logging initialized.
2025-02-26 15:58:23 - INFO - Task Manager application started.
2025-02-26 15:58:23 - INFO - TaskService initialized.
2025-02-26 15:58:28 - ERROR - Error decoding JSON from tasks_data/tasks.txt: Expecting value: line 1 column 1 (char 0)
2025-02-26 15:58:28 - INFO - Retrieved 0 tasks.
2025-02-26 15:58:28 - INFO - No tasks found.
2025-02-26 15:58:56 - INFO - Saved task: App Manager: XD
2025-02-26 15:58:56 - INFO - Added task: App Manager: XD
2025-02-26 15:58:56 - INFO - User added task: App Manager - XD
2025-02-26 15:59:00 - ERROR - Error decoding JSON from tasks_data/tasks.txt: Expecting value: line 1 column 1 (char 0)
2025-02-26 15:59:00 - INFO - Retrieved 0 tasks.
2025-02-26 15:59:00 - INFO - No tasks found.
2025-03-05 14:53:25 - INFO - Logging initialized.
2025-03-05 14:53:25 - INFO - Task Manager application started.
2025-03-05 14:53:25 - INFO - TaskService initialized.
2025-03-05 14:53:29 - WARNING - File not found: tasks_data/tasks.json. Starting fresh.
2025-03-05 14:53:29 - INFO - Retrieved 0 tasks.
2025-03-05 14:53:29 - INFO - No tasks found.
2025-03-05 14:54:14 - WARNING - File not found: tasks_data/tasks.json. Starting fresh.
2025-03-05 14:54:14 - INFO - Saved task: Completing TaskManager: Creating a JSON outlet for files
2025-03-05 14:54:14 - INFO - Added task: Completing TaskManager: Creating a JSON outlet for files
2025-03-05 14:54:14 - INFO - User added task: Completing TaskManager - Creating a JSON outlet for files
2025-03-05 14:54:18 - INFO - Retrieved 1 tasks from tasks_data/tasks.json
2025-03-05 14:54:18 - INFO - Retrieved 1 tasks.
2025-03-05 14:54:18 - INFO - Displayed tasks.
2025-03-10 12:44:16 - INFO - Logging initialized.
2025-03-10 12:44:16 - INFO - Task Manager application started.
2025-03-10 12:44:16 - INFO - TaskService initialized.
2025-03-10 12:44:29 - INFO - Retrieved 1 tasks from tasks_data/tasks.json
2025-03-10 12:44:29 - INFO - Retrieved 1 tasks.
2025-03-10 12:44:29 - INFO - Displayed tasks.
2025-03-10 12:44:42 - INFO - Retrieved 1 tasks from tasks_data/tasks.json
2025-03-10 12:44:42 - INFO - Retrieved 1 tasks.
2025-03-10 12:44:42 - INFO - Displayed tasks.
2025-03-10 12:45:08 - INFO - Retrieved 1 tasks from tasks_data/tasks.json
2025-03-10 12:45:08 - INFO - Saved task: Hello World!: This is a new Task!
2025-03-10 12:45:08 - INFO - Added task: Hello World!: This is a new Task!
2025-03-10 12:45:08 - INFO - User added task: Hello World! - This is a new Task!
2025-03-10 12:45:34 - INFO - User exited the application.
